<?xml version="1.0" encoding="UTF-8"?>
<!-- Generated by org.testng.reporters.JUnitXMLReporter -->
<testsuite hostname="DESKTOP-NGNDCQO" ignored="0" name="Default test" tests="5" failures="0" timestamp="2020-09-03T10:59:37 IST" time="165.44" errors="0">
  <testcase name="homepage" time="21.224" classname="tests.Runner"/>
  <testcase name="search" time="19.722" classname="tests.Runner"/>
  <testcase name="propertylist" time="55.107" classname="tests.Runner"/>
  <testcase name="signin" time="12.322" classname="tests.Runner"/>
  <testcase name="report" time="33.473" classname="tests.Runner"/>
</testsuite> <!-- Default test -->
