<?xml version="1.0" encoding="UTF-8"?>
<!-- Generated by org.testng.reporters.JUnitXMLReporter -->
<testsuite hostname="DESKTOP-NGNDCQO" ignored="0" name="Default test" tests="5" failures="0" timestamp="2020-09-03T10:31:35 IST" time="159.861" errors="0">
  <testcase name="homepage" time="21.777" classname="tests.Runner"/>
  <testcase name="search" time="20.38" classname="tests.Runner"/>
  <testcase name="propertylist" time="54.43" classname="tests.Runner"/>
  <testcase name="signin" time="10.908" classname="tests.Runner"/>
  <testcase name="report" time="30.361" classname="tests.Runner"/>
</testsuite> <!-- Default test -->
