<?xml version="1.0" encoding="UTF-8"?>
<testng-results skipped="0" failed="0" ignored="0" total="5" passed="5">
  <reporter-output>
    <line>
      <![CDATA[Bangalore is already selected]]>
    </line>
    <line>
      <![CDATA[Test Passed]]>
    </line>
  </reporter-output>
  <suite name="Suite" duration-ms="160956" started-at="2020-09-03T12:27:26 IST" finished-at="2020-09-03T12:30:07 IST">
    <groups>
    </groups>
    <test name="Test" duration-ms="160956" started-at="2020-09-03T12:27:26 IST" finished-at="2020-09-03T12:30:07 IST">
      <class name="tests.Runner">
        <test-method status="PASS" signature="startExecution()[pri:0, instance:tests.Runner@27a8c74e]" name="startExecution" is-config="true" duration-ms="20973" started-at="2020-09-03T12:27:26 IST" finished-at="2020-09-03T12:27:47 IST">
          <reporter-output>
          </reporter-output>
        </test-method> <!-- startExecution -->
        <test-method status="PASS" signature="homepage()[pri:1, instance:tests.Runner@27a8c74e]" name="homepage" duration-ms="19271" started-at="2020-09-03T12:27:47 IST" finished-at="2020-09-03T12:28:06 IST">
          <reporter-output>
          </reporter-output>
        </test-method> <!-- homepage -->
        <test-method status="PASS" signature="search()[pri:2, instance:tests.Runner@27a8c74e]" name="search" duration-ms="20888" started-at="2020-09-03T12:28:06 IST" finished-at="2020-09-03T12:28:27 IST">
          <reporter-output>
            <line>
              <![CDATA[Bangalore is already selected]]>
            </line>
          </reporter-output>
        </test-method> <!-- search -->
        <test-method status="PASS" signature="propertylist()[pri:3, instance:tests.Runner@27a8c74e]" name="propertylist" duration-ms="57027" started-at="2020-09-03T12:28:27 IST" finished-at="2020-09-03T12:29:24 IST">
          <reporter-output>
          </reporter-output>
        </test-method> <!-- propertylist -->
        <test-method status="PASS" signature="signin()[pri:4, instance:tests.Runner@27a8c74e]" name="signin" duration-ms="10645" started-at="2020-09-03T12:29:24 IST" finished-at="2020-09-03T12:29:35 IST">
          <reporter-output>
          </reporter-output>
        </test-method> <!-- signin -->
        <test-method status="PASS" signature="report()[pri:5, instance:tests.Runner@27a8c74e]" name="report" duration-ms="31575" started-at="2020-09-03T12:29:35 IST" finished-at="2020-09-03T12:30:06 IST">
          <reporter-output>
            <line>
              <![CDATA[Test Passed]]>
            </line>
          </reporter-output>
        </test-method> <!-- report -->
        <test-method status="PASS" signature="stopExecution()[pri:0, instance:tests.Runner@27a8c74e]" name="stopExecution" is-config="true" duration-ms="472" started-at="2020-09-03T12:30:06 IST" finished-at="2020-09-03T12:30:07 IST">
          <reporter-output>
          </reporter-output>
        </test-method> <!-- stopExecution -->
      </class> <!-- tests.Runner -->
    </test> <!-- Test -->
  </suite> <!-- Suite -->
</testng-results>
